<?xml version="1.0" encoding="UTF-8"?>
<!-- Generated by org.testng.reporters.JUnitReportReporter -->
<testsuite hostname="DESKTOP-7AQM5E7" failures="0" tests="3" name="testCases.TC003_LoginDDT" time="16.713" errors="0" timestamp="2024-09-20T11:13:37 IST" skipped="0">
  <testcase classname="testCases.TC003_LoginDDT" name="verify_loginDDT" time="11.653"/>
  <testcase classname="testCases.TC003_LoginDDT" name="verify_loginDDT" time="2.868"/>
  <testcase classname="testCases.TC003_LoginDDT" name="verify_loginDDT" time="2.192"/>
</testsuite> <!-- testCases.TC003_LoginDDT -->
