<?xml version="1.0" encoding="UTF-8"?>
<!-- Generated by org.testng.reporters.JUnitReportReporter -->
<testsuite hostname="DESKTOP-7AQM5E7" failures="0" tests="1" name="testCases.TC002_LoginTest" time="1.648" errors="0" timestamp="2024-09-20T11:13:37 IST" skipped="0">
  <testcase classname="testCases.TC002_LoginTest" name="verify_login" time="1.648"/>
</testsuite> <!-- testCases.TC002_LoginTest -->
